[debug] [2023-11-26T19:52:23.564Z] ----------------------------------------------------------------------
[debug] [2023-11-26T19:52:23.566Z] Command:       C:\Program Files\nodejs\node.exe C:\Program Files\nodejs\node_modules\firebase-tools\lib\bin\firebase.js deploy --debug
[debug] [2023-11-26T19:52:23.567Z] CLI Version:   12.9.1
[debug] [2023-11-26T19:52:23.567Z] Platform:      win32
[debug] [2023-11-26T19:52:23.567Z] Node Version:  v18.16.0
[debug] [2023-11-26T19:52:23.568Z] Time:          Mon Nov 27 2023 02:52:23 GMT+0700 (Indochina Time)
[debug] [2023-11-26T19:52:23.569Z] ----------------------------------------------------------------------
[debug] 
[debug] [2023-11-26T19:52:23.639Z] > command requires scopes: ["email","openid","https://www.googleapis.com/auth/cloudplatformprojects.readonly","https://www.googleapis.com/auth/firebase","https://www.googleapis.com/auth/cloud-platform"]
[debug] [2023-11-26T19:52:23.641Z] > authorizing via signed-in user (manhtruong2001nt@gmail.com)
[debug] [2023-11-26T19:52:23.642Z] [iam] checking project admin-ticket-67735 for permissions ["firebase.projects.get","firebasehosting.sites.update"]
[debug] [2023-11-26T19:52:23.644Z] >>> [apiv2][query] POST https://cloudresourcemanager.googleapis.com/v1/projects/admin-ticket-67735:testIamPermissions [none]
[debug] [2023-11-26T19:52:23.644Z] >>> [apiv2][(partial)header] POST https://cloudresourcemanager.googleapis.com/v1/projects/admin-ticket-67735:testIamPermissions x-goog-quota-user=projects/admin-ticket-67735
[debug] [2023-11-26T19:52:23.645Z] >>> [apiv2][body] POST https://cloudresourcemanager.googleapis.com/v1/projects/admin-ticket-67735:testIamPermissions {"permissions":["firebase.projects.get","firebasehosting.sites.update"]}
[debug] [2023-11-26T19:52:24.640Z] <<< [apiv2][status] POST https://cloudresourcemanager.googleapis.com/v1/projects/admin-ticket-67735:testIamPermissions 200
[debug] [2023-11-26T19:52:24.641Z] <<< [apiv2][body] POST https://cloudresourcemanager.googleapis.com/v1/projects/admin-ticket-67735:testIamPermissions {"permissions":["firebase.projects.get","firebasehosting.sites.update"]}
[debug] [2023-11-26T19:52:24.643Z] >>> [apiv2][query] GET https://firebase.googleapis.com/v1beta1/projects/admin-ticket-67735 [none]
[debug] [2023-11-26T19:52:24.971Z] <<< [apiv2][status] GET https://firebase.googleapis.com/v1beta1/projects/admin-ticket-67735 200
[debug] [2023-11-26T19:52:24.972Z] <<< [apiv2][body] GET https://firebase.googleapis.com/v1beta1/projects/admin-ticket-67735 {"projectId":"admin-ticket-67735","projectNumber":"105510990901","displayName":"admin-ticket","name":"projects/admin-ticket-67735","resources":{"hostingSite":"admin-ticket-67735"},"state":"ACTIVE","etag":"1_259fcf78-7fdd-45ef-9517-80256850c46c"}
[info] 
[info] === Deploying to 'admin-ticket-67735'...
[info] 
[info] i  deploying hosting 
[debug] [2023-11-26T19:52:24.984Z] >>> [apiv2][query] POST https://firebasehosting.googleapis.com/v1beta1/projects/-/sites/admin-ticket-67735/versions [none]
[debug] [2023-11-26T19:52:24.985Z] >>> [apiv2][body] POST https://firebasehosting.googleapis.com/v1beta1/projects/-/sites/admin-ticket-67735/versions {"status":"CREATED","labels":{"deployment-tool":"cli-firebase"}}
[debug] [2023-11-26T19:52:25.613Z] <<< [apiv2][status] POST https://firebasehosting.googleapis.com/v1beta1/projects/-/sites/admin-ticket-67735/versions 200
[debug] [2023-11-26T19:52:25.614Z] <<< [apiv2][body] POST https://firebasehosting.googleapis.com/v1beta1/projects/-/sites/admin-ticket-67735/versions {"name":"projects/105510990901/sites/admin-ticket-67735/versions/3581556a2f6bae98","status":"CREATED","config":{},"labels":{"deployment-tool":"cli-firebase"}}
[info] i  hosting[admin-ticket-67735]: beginning deploy... 
[info] i  hosting[admin-ticket-67735]: found 12 files in build 
[debug] [2023-11-26T19:52:25.626Z] [hosting] uploading with 200 concurrency
[debug] [2023-11-26T19:52:25.632Z] [hosting] hash cache [YnVpbGQ] stored for 12 files
[debug] [2023-11-26T19:52:25.632Z] [hosting][hash queue][FINAL] {"max":3,"min":1,"avg":1,"active":0,"complete":12,"success":12,"errored":0,"retried":0,"total":12,"elapsed":5}
[debug] [2023-11-26T19:52:25.633Z] >>> [apiv2][query] POST https://firebasehosting.googleapis.com/v1beta1/projects/105510990901/sites/admin-ticket-67735/versions/3581556a2f6bae98:populateFiles [none]
[debug] [2023-11-26T19:52:25.634Z] >>> [apiv2][body] POST https://firebasehosting.googleapis.com/v1beta1/projects/105510990901/sites/admin-ticket-67735/versions/3581556a2f6bae98:populateFiles {"files":{"/asset-manifest.json":"be59651ebc14592468a28db73069f9a316e4b4dd98a6afe4cf70b60a5d2b052f","/favicon.ico":"eae62e993eb980ec8a25058c39d5a51feab118bd2100c4deebb2a9c158ec11f9","/index.html":"02e9b40c4ff9edeffe8e1767dcf5348420f1e1dae1d096dc492d00c9e999f684","/logo192.png":"3ee59515172ee198f3be375979df15ac5345183e656720a381b8872b2a39dc8b","/logo512.png":"ee7e2f3fdb8209c4b6fd7bef6ba50d1b9dba30a25bb5c3126df057e1cb6f5331","/manifest.json":"aff3449bdc238776f5d6d967f19ec491b36aed5fb7f23ccff6500736fd58494a","/robots.txt":"bfe106a3fb878dc83461c86818bf74fc1bdc7f28538ba613cd3e775516ce8b49","/static/css/main.060a35e2.css":"0e286f98eb3c54f71bbda2772c34cca210075b6e6025218a57313ff24ff05225","/static/css/main.060a35e2.css.map":"dd5bd38b46e757cb0e462f22192cd908c85c25cb5e1f09412392a35f9de107fb","/static/js/main.1bee8f55.js":"fe94aef57c366d3ec38381ea193dec2319e29e385f698f3198747246c9f656ff","/static/js/main.1bee8f55.js.LICENSE.txt":"ea8cecf4856674e0b1d4d652e080cc730d36ace28e3be9bfcfbd933a6a262d32","/static/js/main.1bee8f55.js.map":"c00cb3b79dcb6cf131fd2b6de86e73ed46d678f3d8ad1f62fa7852c7ae289529"}}
[debug] [2023-11-26T19:52:26.198Z] <<< [apiv2][status] POST https://firebasehosting.googleapis.com/v1beta1/projects/105510990901/sites/admin-ticket-67735/versions/3581556a2f6bae98:populateFiles 200
[debug] [2023-11-26T19:52:26.199Z] <<< [apiv2][body] POST https://firebasehosting.googleapis.com/v1beta1/projects/105510990901/sites/admin-ticket-67735/versions/3581556a2f6bae98:populateFiles {"uploadUrl":"https://upload-firebasehosting.googleapis.com/upload/sites/admin-ticket-67735/versions/3581556a2f6bae98/files"}
[debug] [2023-11-26T19:52:26.200Z] [hosting][populate queue][FINAL] {"max":570,"min":570,"avg":570,"active":0,"complete":1,"success":1,"errored":0,"retried":0,"total":1,"elapsed":570}
[debug] [2023-11-26T19:52:26.201Z] [hosting] uploads queued: 0
[debug] [2023-11-26T19:52:26.202Z] [hosting][upload queue][FINAL] {"max":0,"min":9999999999,"avg":0,"active":0,"complete":0,"success":0,"errored":0,"retried":0,"total":0,"elapsed":1701028346202}
[info] i  hosting: upload complete 
[info] +  hosting[admin-ticket-67735]: file upload complete 
[debug] [2023-11-26T19:52:26.203Z] [hosting] deploy completed after 587ms
[debug] [2023-11-26T19:52:26.204Z] [
  {
    "config": {
      "public": "build",
      "ignore": [
        "firebase.json",
        "**/.*",
        "**/node_modules/**"
      ],
      "site": "admin-ticket-67735"
    },
    "version": "projects/105510990901/sites/admin-ticket-67735/versions/3581556a2f6bae98"
  }
]
[info] i  hosting[admin-ticket-67735]: finalizing version... 
[debug] [2023-11-26T19:52:26.209Z] >>> [apiv2][query] PATCH https://firebasehosting.googleapis.com/v1beta1/projects/-/sites/admin-ticket-67735/versions/3581556a2f6bae98 updateMask=status%2Cconfig
[debug] [2023-11-26T19:52:26.211Z] >>> [apiv2][body] PATCH https://firebasehosting.googleapis.com/v1beta1/projects/-/sites/admin-ticket-67735/versions/3581556a2f6bae98 {"status":"FINALIZED","config":{}}
[debug] [2023-11-26T19:52:26.842Z] <<< [apiv2][status] PATCH https://firebasehosting.googleapis.com/v1beta1/projects/-/sites/admin-ticket-67735/versions/3581556a2f6bae98 200
[debug] [2023-11-26T19:52:26.843Z] <<< [apiv2][body] PATCH https://firebasehosting.googleapis.com/v1beta1/projects/-/sites/admin-ticket-67735/versions/3581556a2f6bae98 {"name":"projects/105510990901/sites/admin-ticket-67735/versions/3581556a2f6bae98","status":"FINALIZED","config":{},"labels":{"deployment-tool":"cli-firebase"},"createTime":"2023-11-26T19:52:25.126089Z","createUser":{"email":"manhtruong2001nt@gmail.com"},"finalizeTime":"2023-11-26T19:52:26.427033Z","finalizeUser":{"email":"manhtruong2001nt@gmail.com"}}
[debug] [2023-11-26T19:52:26.844Z] [hosting] finalized version for admin-ticket-67735:[object Object]
[info] +  hosting[admin-ticket-67735]: version finalized 
[info] i  hosting[admin-ticket-67735]: releasing new version... 
[debug] [2023-11-26T19:52:26.846Z] >>> [apiv2][query] POST https://firebasehosting.googleapis.com/v1beta1/projects/-/sites/admin-ticket-67735/channels/live/releases versionName=projects%2F105510990901%2Fsites%2Fadmin-ticket-67735%2Fversions%2F3581556a2f6bae98
[debug] [2023-11-26T19:52:26.848Z] >>> [apiv2][body] POST https://firebasehosting.googleapis.com/v1beta1/projects/-/sites/admin-ticket-67735/channels/live/releases {}
[debug] [2023-11-26T19:52:27.405Z] <<< [apiv2][status] POST https://firebasehosting.googleapis.com/v1beta1/projects/-/sites/admin-ticket-67735/channels/live/releases 200
[debug] [2023-11-26T19:52:27.408Z] <<< [apiv2][body] POST https://firebasehosting.googleapis.com/v1beta1/projects/-/sites/admin-ticket-67735/channels/live/releases {"name":"projects/105510990901/sites/admin-ticket-67735/channels/live/releases/1701028346503000","version":{"name":"projects/105510990901/sites/admin-ticket-67735/versions/3581556a2f6bae98","status":"FINALIZED","config":{},"labels":{"deployment-tool":"cli-firebase"},"createTime":"2023-11-26T19:52:25.126089Z","createUser":{"email":"manhtruong2001nt@gmail.com","imageUrl":"https://lh3.googleusercontent.com/a/ACg8ocJRW5Av1NQcmhy-xP-4PkZz1anUt1wYrcaXVcB0kuWj1w"},"finalizeTime":"2023-11-26T19:52:26.427033Z","finalizeUser":{"email":"manhtruong2001nt@gmail.com","imageUrl":"https://lh3.googleusercontent.com/a/ACg8ocJRW5Av1NQcmhy-xP-4PkZz1anUt1wYrcaXVcB0kuWj1w"}},"type":"DEPLOY","releaseTime":"2023-11-26T19:52:26.503Z","releaseUser":{"email":"manhtruong2001nt@gmail.com","imageUrl":"https://lh3.googleusercontent.com/a/ACg8ocJRW5Av1NQcmhy-xP-4PkZz1anUt1wYrcaXVcB0kuWj1w"}}
[debug] [2023-11-26T19:52:27.410Z] [hosting] release: {"name":"projects/105510990901/sites/admin-ticket-67735/channels/live/releases/1701028346503000","version":{"name":"projects/105510990901/sites/admin-ticket-67735/versions/3581556a2f6bae98","status":"FINALIZED","config":{},"labels":{"deployment-tool":"cli-firebase"},"createTime":"2023-11-26T19:52:25.126089Z","createUser":{"email":"manhtruong2001nt@gmail.com","imageUrl":"https://lh3.googleusercontent.com/a/ACg8ocJRW5Av1NQcmhy-xP-4PkZz1anUt1wYrcaXVcB0kuWj1w"},"finalizeTime":"2023-11-26T19:52:26.427033Z","finalizeUser":{"email":"manhtruong2001nt@gmail.com","imageUrl":"https://lh3.googleusercontent.com/a/ACg8ocJRW5Av1NQcmhy-xP-4PkZz1anUt1wYrcaXVcB0kuWj1w"}},"type":"DEPLOY","releaseTime":"2023-11-26T19:52:26.503Z","releaseUser":{"email":"manhtruong2001nt@gmail.com","imageUrl":"https://lh3.googleusercontent.com/a/ACg8ocJRW5Av1NQcmhy-xP-4PkZz1anUt1wYrcaXVcB0kuWj1w"}}
[info] +  hosting[admin-ticket-67735]: release complete 
[info] 
[info] +  Deploy complete! 
[info] 
[info] Project Console: https://console.firebase.google.com/project/admin-ticket-67735/overview
[info] Hosting URL: https://admin-ticket-67735.web.app
